***  Installation Started 09/23/2016 23:29  ***
Title: Rxlib 2.75 for Delphi 7 Installation
Source: C:\Users\Miguel\Desktop\rxlib.exe | 06-30-2008 | 20:30:08 | 3520426
File Copy: C:\UNWISE.EXE | 05-10-2001 | 09:04:28 | | 162304 | 432c52a3
RegDB Key: Software\Microsoft\Windows\CurrentVersion\Uninstall\Rxlib 2.75 for Delphi 7
RegDB Val: Rxlib 2.75 for Delphi 7
RegDB Name: DisplayName
RegDB Root: 2
RegDB Key: Software\Microsoft\Windows\CurrentVersion\Uninstall\Rxlib 2.75 for Delphi 7
RegDB Val: C:\UNWISE.EXE C:\INSTALL.LOG
RegDB Name: UninstallString
RegDB Root: 2
File Copy: C:\Arquivos de Programas\Borland\Delphi7\Rx\Units\Vclutils.pas | 06-24-2001 | 00:21:32 | | 79126 | 6f10559e
File Copy: C:\Arquivos de Programas\Borland\Delphi7\Rx\Units\Vclutils.dcu | 09-11-2002 | 19:09:50 | | 38021 | f9518c0b
File Copy: C:\Arquivos de Programas\Borland\Delphi7\Rx\Units\Tooledit.r32 | 10-12-1999 | 01:27:50 | | 872 | 67d9bf7c
File Copy: C:\Arquivos de Programas\Borland\Delphi7\Rx\Units\ToolEdit.pas | 06-24-2001 | 00:28:06 | | 71663 | 2437b776
File Copy: C:\Arquivos de Programas\Borland\Delphi7\Rx\Units\ToolEdit.dcu | 09-11-2002 | 19:09:50 | | 76605 | f1e36972
File Copy: C:\Arquivos de Programas\Borland\Delphi7\Rx\Units\Timlsted.pas | 06-24-2001 | 13:20:24 | | 12959 | 2f986bbb
File Copy: C:\Arquivos de Programas\Borland\Delphi7\Rx\Units\Timlsted.dfm | 10-12-1999 | 01:27:50 | | 2722 | 73f5a9a3
File Copy: C:\Arquivos de Programas\Borland\Delphi7\Rx\Units\TIMLSTED.dcu | 09-11-2002 | 19:15:48 | | 16520 | 79e5221e
File Copy: C:\Arquivos de Programas\Borland\Delphi7\Rx\Units\Timerlst.pas | 10-12-1999 | 01:27:50 | | 16273 | e35cef97
File Copy: C:\Arquivos de Programas\Borland\Delphi7\Rx\Units\TIMERLST.dcu | 09-11-2002 | 19:09:50 | | 10120 | 9ab2aacb
File Copy: C:\Arquivos de Programas\Borland\Delphi7\Rx\Units\Strledit.pas | 06-23-2001 | 23:52:16 | | 2576 | 57cf324a
File Copy: C:\Arquivos de Programas\Borland\Delphi7\Rx\Units\Strledit.dfm | 10-12-1999 | 01:27:50 | | 1568 | 12396279
File Copy: C:\Arquivos de Programas\Borland\Delphi7\Rx\Units\STRLEDIT.dcu | 09-11-2002 | 19:10:36 | | 5868 | 2fb9cc47
Made Dir: C:\Arquivos de Programas\Borland\Delphi7\Rx\Help
File Copy: C:\Arquivos de Programas\Borland\Delphi7\Rx\Help\Rxd6.cnt | 06-24-2001 | 13:05:40 | | 107 | e6fcb5d0
File Copy: C:\Arquivos de Programas\Borland\Delphi7\Rx\Help\Rxd6.hlp | 01-27-1999 | 03:59:00 | | 1034626 | f26ca769
File Copy: C:\Arquivos de Programas\Borland\Delphi7\Rx\Help\Rxd6.toc | 06-24-2001 | 13:05:54 | | 25402 | 60f0824a
File Copy: C:\Arquivos de Programas\Borland\Delphi7\Rx\Units\ANIFILE.dcu | 09-11-2002 | 19:09:50 | | 13062 | 19b4ac72
File Copy: C:\Arquivos de Programas\Borland\Delphi7\Rx\Units\Anifile.pas | 06-24-2001 | 00:29:14 | | 18902 | 692068b1
File Copy: C:\Arquivos de Programas\Borland\Delphi7\Rx\Units\Animate.dcu | 09-11-2002 | 19:09:50 | | 20414 | 8da99c96
File Copy: C:\Arquivos de Programas\Borland\Delphi7\Rx\Units\Animate.pas | 10-12-1999 | 01:27:50 | | 19998 | e5fffd50
File Copy: C:\Arquivos de Programas\Borland\Delphi7\Rx\Units\APPEVENT.dcu | 09-11-2002 | 19:09:50 | | 16958 | 91459bdf
File Copy: C:\Arquivos de Programas\Borland\Delphi7\Rx\Units\Appevent.pas | 10-12-1999 | 01:27:50 | | 27360 | 950a6993
File Copy: C:\Arquivos de Programas\Borland\Delphi7\Rx\Units\APPUTILS.dcu | 09-11-2002 | 19:09:50 | | 19689 | 5909779b
File Copy: C:\Arquivos de Programas\Borland\Delphi7\Rx\Units\Apputils.pas | 06-24-2001 | 00:24:22 | | 26838 | 507443d7
File Copy: C:\Arquivos de Programas\Borland\Delphi7\Rx\Units\BdeUtils.dcu | 09-11-2002 | 19:10:24 | | 39364 | 58514f0
File Copy: C:\Arquivos de Programas\Borland\Delphi7\Rx\Units\BdeUtils.pas | 06-24-2001 | 00:38:06 | | 49029 | 44d637c1
File Copy: C:\Arquivos de Programas\Borland\Delphi7\Rx\Units\BOXPROCS.dcu | 09-11-2002 | 19:09:50 | | 5087 | 954e6736
File Copy: C:\Arquivos de Programas\Borland\Delphi7\Rx\Units\Boxprocs.pas | 10-12-1999 | 01:27:50 | | 8730 | 604e5c7
File Copy: C:\Arquivos de Programas\Borland\Delphi7\Rx\Units\CHECKITM.dcu | 09-11-2002 | 19:15:48 | | 15909 | aa5e3a7d
File Copy: C:\Arquivos de Programas\Borland\Delphi7\Rx\Units\Checkitm.dfm | 10-12-1999 | 01:27:50 | | 3117 | b700edb9
File Copy: C:\Arquivos de Programas\Borland\Delphi7\Rx\Units\Checkitm.pas | 06-23-2001 | 23:52:16 | | 11646 | be732b4d
File Copy: C:\Arquivos de Programas\Borland\Delphi7\Rx\Units\CHPSWDLG.dcu | 09-11-2002 | 19:10:24 | | 8173 | f1dfd8ce
File Copy: C:\Arquivos de Programas\Borland\Delphi7\Rx\Units\Chpswdlg.dfm | 10-12-1999 | 01:27:50 | | 997 | 2bcd2d7
File Copy: C:\Arquivos de Programas\Borland\Delphi7\Rx\Units\Chpswdlg.pas | 10-12-1999 | 01:27:50 | | 5829 | 4ecd3636
File Copy: C:\Arquivos de Programas\Borland\Delphi7\Rx\Units\CLIPICON.dcu | 09-11-2002 | 19:09:50 | | 8047 | 4e8a883f
File Copy: C:\Arquivos de Programas\Borland\Delphi7\Rx\Units\Clipicon.pas | 10-12-1999 | 01:27:50 | | 12708 | 80853515
File Copy: C:\Arquivos de Programas\Borland\Delphi7\Rx\Units\clipmon.dcu | 09-11-2002 | 19:09:50 | | 4198 | cd8ca272
File Copy: C:\Arquivos de Programas\Borland\Delphi7\Rx\Units\clipmon.pas | 10-12-1999 | 01:27:50 | | 4230 | e74b3600
File Copy: C:\Arquivos de Programas\Borland\Delphi7\Rx\Units\CLIPVIEW.dcu | 09-11-2002 | 19:09:50 | | 19916 | 8055fbe9
File Copy: C:\Arquivos de Programas\Borland\Delphi7\Rx\Units\Clipview.pas | 10-12-1999 | 01:27:50 | | 19184 | 4750f2d0
File Copy: C:\Arquivos de Programas\Borland\Delphi7\Rx\Units\CURREDIT.dcu | 09-11-2002 | 19:09:50 | | 33246 | 9ed26787
File Copy: C:\Arquivos de Programas\Borland\Delphi7\Rx\Units\Curredit.pas | 06-24-2001 | 00:13:14 | | 22028 | bbdae986
File Copy: C:\Arquivos de Programas\Borland\Delphi7\Rx\Units\Curredit.r32 | 10-12-1999 | 01:27:50 | | 376 | adf693b1
File Copy: C:\Arquivos de Programas\Borland\Delphi7\Rx\Units\DATACONV.dcu | 09-11-2002 | 19:09:50 | | 15672 | 864935d8
File Copy: C:\Arquivos de Programas\Borland\Delphi7\Rx\Units\Dataconv.pas | 10-12-1999 | 01:27:50 | | 14676 | 8457529d
File Copy: C:\Arquivos de Programas\Borland\Delphi7\Rx\Units\DATEUTIL.dcu | 09-11-2002 | 19:09:50 | | 10893 | dd25fe7b
File Copy: C:\Arquivos de Programas\Borland\Delphi7\Rx\Units\Dateutil.pas | 06-24-2001 | 00:22:56 | | 17078 | aa8d1f3
File Copy: C:\Arquivos de Programas\Borland\Delphi7\Rx\Units\DBEXCPT.dcu | 09-11-2002 | 19:10:24 | | 9831 | 8c61ee42
File Copy: C:\Arquivos de Programas\Borland\Delphi7\Rx\Units\Dbexcpt.dfm | 10-12-1999 | 01:27:50 | | 2131 | 970057b1
File Copy: C:\Arquivos de Programas\Borland\Delphi7\Rx\Units\Dbexcpt.pas | 10-12-1999 | 01:27:50 | | 6877 | edb10fbb
File Copy: C:\Arquivos de Programas\Borland\Delphi7\Rx\Units\DBINDEX.dcu | 09-11-2002 | 19:10:24 | | 15669 | cec92b25
File Copy: C:\Arquivos de Programas\Borland\Delphi7\Rx\Units\Dbindex.pas | 06-24-2001 | 00:13:16 | | 10762 | 9288fa3a
File Copy: C:\Arquivos de Programas\Borland\Delphi7\Rx\Units\DBLISTS.dcu | 09-11-2002 | 19:10:24 | | 37239 | fc858588
File Copy: C:\Arquivos de Programas\Borland\Delphi7\Rx\Units\Dblists.pas | 10-12-1999 | 01:27:50 | | 15664 | 2380d5d4
File Copy: C:\Arquivos de Programas\Borland\Delphi7\Rx\Units\DBPRGRSS.dcu | 09-11-2002 | 19:10:24 | | 13452 | bdd7444e
File Copy: C:\Arquivos de Programas\Borland\Delphi7\Rx\Units\Dbprgrss.pas | 10-12-1999 | 01:27:50 | | 15882 | 35d12810
File Copy: C:\Arquivos de Programas\Borland\Delphi7\Rx\Units\DBQBE.dcu | 09-11-2002 | 19:10:24 | | 19192 | d7b17f07
File Copy: C:\Arquivos de Programas\Borland\Delphi7\Rx\Units\Dbqbe.pas | 10-12-1999 | 01:27:50 | | 18031 | 4fe42bf2
File Copy: C:\Arquivos de Programas\Borland\Delphi7\Rx\Units\DBRICHED.dcu | 09-11-2002 | 19:10:12 | | 19702 | faf1355c
File Copy: C:\Arquivos de Programas\Borland\Delphi7\Rx\Units\Dbriched.pas | 10-12-1999 | 01:27:50 | | 14193 | 7a4e3b24
File Copy: C:\Arquivos de Programas\Borland\Delphi7\Rx\Units\DBSECUR.dcu | 09-11-2002 | 19:10:24 | | 6193 | a99764b
File Copy: C:\Arquivos de Programas\Borland\Delphi7\Rx\Units\Dbsecur.pas | 10-12-1999 | 01:27:50 | | 5039 | 1843b92b
File Copy: C:\Arquivos de Programas\Borland\Delphi7\Rx\Units\DBUTILS.dcu | 09-11-2002 | 19:10:12 | | 18315 | 7b3d8231
File Copy: C:\Arquivos de Programas\Borland\Delphi7\Rx\Units\Dbutils.pas | 06-24-2001 | 00:13:16 | | 24880 | 12c718f6
File Copy: C:\Arquivos de Programas\Borland\Delphi7\Rx\Units\dclrx6.cfg | 09-11-2002 | 19:18:40 | | 402 | 1b0c1ac0
File Copy: C:\Arquivos de Programas\Borland\Delphi7\Rx\Units\dclrx6.dcu | 09-11-2002 | 19:16:52 | | 9651 | 7096faa3
File Copy: C:\Arquivos de Programas\Borland\Delphi7\Rx\Units\dclrx6.dof | 09-11-2002 | 19:18:40 | | 2044 | a7671b15
File Copy: C:\Arquivos de Programas\Borland\Delphi7\Rx\Units\dclrx6.res | 10-12-1999 | 01:27:50 | | 876 | 5d70f2a3
File Copy: C:\Arquivos de Programas\Borland\Delphi7\Rx\Units\dclrx7.cfg | 09-12-2002 | 11:34:38 | | 450 | 8ed04e59
File Copy: C:\Arquivos de Programas\Borland\Delphi7\Rx\Units\dclrx7.dcu | 09-12-2002 | 11:34:40 | | 9651 | 5971cc6b
File Copy: C:\Arquivos de Programas\Borland\Delphi7\Rx\Units\dclrx7.dof | 09-12-2002 | 11:34:38 | | 2044 | 374f0f6d
File Copy: C:\Arquivos de Programas\Borland\Delphi7\Rx\Units\dclrx7.dpk | 09-12-2002 | 11:31:18 | | 1572 | a235d7e2
File Copy: C:\Arquivos de Programas\Borland\Delphi7\Rx\Units\dclrx7.res | 09-12-2002 | 11:33:12 | | 876 | b2f6a94d
File Copy: C:\Arquivos de Programas\Borland\Delphi7\Rx\Units\dclrxbd6.cfg | 09-11-2002 | 19:18:38 | | 402 | 1b0c1ac0
File Copy: C:\Arquivos de Programas\Borland\Delphi7\Rx\Units\dclrxbd6.dcu | 09-11-2002 | 19:16:54 | | 7816 | ef3fc7ac
File Copy: C:\Arquivos de Programas\Borland\Delphi7\Rx\Units\dclrxbd6.dof | 09-11-2002 | 19:18:38 | | 2049 | b640866b
File Copy: C:\Arquivos de Programas\Borland\Delphi7\Rx\Units\dclrxbd6.res | 10-12-1999 | 01:27:50 | | 876 | 5d70f2a3
File Copy: C:\Arquivos de Programas\Borland\Delphi7\Rx\Units\dclrxbd7.cfg | 09-12-2002 | 11:34:48 | | 450 | 8ed04e59
File Copy: C:\Arquivos de Programas\Borland\Delphi7\Rx\Units\dclrxbd7.dcu | 09-12-2002 | 11:34:42 | | 7816 | f471681a
File Copy: C:\Arquivos de Programas\Borland\Delphi7\Rx\Units\dclrxbd7.dof | 09-12-2002 | 11:34:48 | | 2049 | e78670ef
File Copy: C:\Arquivos de Programas\Borland\Delphi7\Rx\Units\dclrxbd7.dpk | 09-12-2002 | 11:31:36 | | 1101 | 5bb189a3
File Copy: C:\Arquivos de Programas\Borland\Delphi7\Rx\Units\dclrxbd7.res | 09-12-2002 | 11:33:18 | | 876 | b2f6a94d
File Copy: C:\Arquivos de Programas\Borland\Delphi7\Rx\Units\dclrxdb6.cfg | 09-11-2002 | 19:18:38 | | 402 | 1b0c1ac0
File Copy: C:\Arquivos de Programas\Borland\Delphi7\Rx\Units\dclrxdb6.dcu | 09-11-2002 | 19:16:54 | | 7597 | 7844186a
File Copy: C:\Arquivos de Programas\Borland\Delphi7\Rx\Units\dclrxdb6.dof | 09-11-2002 | 19:18:38 | | 2045 | 4095ae5a
File Copy: C:\Arquivos de Programas\Borland\Delphi7\Rx\Units\dclrxdb6.res | 10-12-1999 | 01:27:50 | | 876 | 5d70f2a3
File Copy: C:\Arquivos de Programas\Borland\Delphi7\Rx\Units\dclrxdb7.cfg | 09-12-2002 | 11:33:36 | | 450 | 8ed04e59
File Copy: C:\Arquivos de Programas\Borland\Delphi7\Rx\Units\DclRxDb7.dcu | 09-12-2002 | 11:34:42 | | 7597 | 1d8eb45c
File Copy: C:\Arquivos de Programas\Borland\Delphi7\Rx\Units\dclrxdb7.dof | 09-12-2002 | 11:33:36 | | 2045 | 1edb7f40
File Copy: C:\Arquivos de Programas\Borland\Delphi7\Rx\Units\dclrxdb7.dpk | 09-12-2002 | 11:31:56 | | 1083 | d5bc9ae2
File Copy: C:\Arquivos de Programas\Borland\Delphi7\Rx\Units\dclrxdb7.res | 09-12-2002 | 11:33:30 | | 876 | b2f6a94d
File Copy: C:\Arquivos de Programas\Borland\Delphi7\Rx\Units\DUALLIST.dcu | 09-11-2002 | 19:09:50 | | 6210 | 4903009
File Copy: C:\Arquivos de Programas\Borland\Delphi7\Rx\Units\Duallist.pas | 10-12-1999 | 01:27:50 | | 5213 | 2bc29324
File Copy: C:\Arquivos de Programas\Borland\Delphi7\Rx\Units\EXCPTDLG.dcu | 09-11-2002 | 19:09:50 | | 12183 | 2885e5e
File Copy: C:\Arquivos de Programas\Borland\Delphi7\Rx\Units\Excptdlg.dfm | 10-12-1999 | 01:27:50 | | 1953 | 87ac60b0
File Copy: C:\Arquivos de Programas\Borland\Delphi7\Rx\Units\Excptdlg.pas | 06-24-2001 | 00:13:16 | | 10020 | f0eeae6f
File Copy: C:\Arquivos de Programas\Borland\Delphi7\Rx\Units\FDUALLST.dcu | 09-11-2002 | 19:09:50 | | 8382 | 152c1dcf
File Copy: C:\Arquivos de Programas\Borland\Delphi7\Rx\Units\Fduallst.dfm | 10-12-1999 | 01:27:50 | | 2075 | 6494a066
File Copy: C:\Arquivos de Programas\Borland\Delphi7\Rx\Units\Fduallst.pas | 10-12-1999 | 01:27:50 | | 6635 | ec4bcfe8
File Copy: C:\Arquivos de Programas\Borland\Delphi7\Rx\Units\FileUtil.dcu | 09-11-2002 | 19:09:50 | | 22340 | 6aa29cf5
File Copy: C:\Arquivos de Programas\Borland\Delphi7\Rx\Units\FileUtil.pas | 06-24-2001 | 00:23:42 | | 37690 | 16d56b37
File Copy: C:\Arquivos de Programas\Borland\Delphi7\Rx\Units\GIFCTRL.dcu | 09-11-2002 | 19:09:50 | | 14925 | c4bf4c39
File Copy: C:\Arquivos de Programas\Borland\Delphi7\Rx\Units\Gifctrl.pas | 10-12-1999 | 01:27:50 | | 15899 | 1412e4d9
File Copy: C:\Arquivos de Programas\Borland\Delphi7\Rx\Units\gradedit.dcu | 09-11-2002 | 19:15:50 | | 14644 | 7933d7ad
File Copy: C:\Arquivos de Programas\Borland\Delphi7\Rx\Units\GradEdit.dfm | 10-12-1999 | 01:27:50 | | 2879 | 14d9be7f
File Copy: C:\Arquivos de Programas\Borland\Delphi7\Rx\Units\gradedit.pas | 06-24-2001 | 01:24:18 | | 12040 | ff4bddd2
File Copy: C:\Arquivos de Programas\Borland\Delphi7\Rx\Units\HINTPROP.dcu | 09-11-2002 | 19:10:36 | | 3435 | 76188bd1
File Copy: C:\Arquivos de Programas\Borland\Delphi7\Rx\Units\Hintprop.pas | 06-24-2001 | 00:13:16 | | 2041 | 1889d1cd
File Copy: C:\Arquivos de Programas\Borland\Delphi7\Rx\Units\ICOLEDIT.dcu | 09-11-2002 | 19:15:48 | | 14043 | 89deff05
File Copy: C:\Arquivos de Programas\Borland\Delphi7\Rx\Units\Icoledit.dfm | 10-12-1999 | 01:27:50 | | 5563 | 2408dc46
File Copy: C:\Arquivos de Programas\Borland\Delphi7\Rx\Units\Icoledit.pas | 06-23-2001 | 23:52:16 | | 10328 | cd87027
File Copy: C:\Arquivos de Programas\Borland\Delphi7\Rx\Units\ICOLIST.dcu | 09-11-2002 | 19:09:50 | | 7090 | dff67bb
File Copy: C:\Arquivos de Programas\Borland\Delphi7\Rx\Units\Icolist.pas | 10-12-1999 | 01:27:50 | | 8539 | f4bbcc89
File Copy: C:\Arquivos de Programas\Borland\Delphi7\Rx\Units\Imagprvw.dfm | 10-12-1999 | 01:27:50 | | 5221 | ab0f09b6
File Copy: C:\Arquivos de Programas\Borland\Delphi7\Rx\Units\Imagprvw.pas | 10-12-1999 | 01:27:50 | | 8297 | e5b00438
File Copy: C:\Arquivos de Programas\Borland\Delphi7\Rx\Units\LoginDlg.dcu | 09-11-2002 | 19:10:24 | | 12387 | 4f3d34ca
File Copy: C:\Arquivos de Programas\Borland\Delphi7\Rx\Units\LoginDlg.pas | 10-12-1999 | 01:27:50 | | 13750 | b0051e60
File Copy: C:\Arquivos de Programas\Borland\Delphi7\Rx\Units\MAXMIN.dcu | 09-11-2002 | 19:09:48 | | 2085 | 670b2349
File Copy: C:\Arquivos de Programas\Borland\Delphi7\Rx\Units\Maxmin.pas | 10-12-1999 | 01:27:50 | | 4315 | bccf6962
File Copy: C:\Arquivos de Programas\Borland\Delphi7\Rx\Units\Memtable.dcu | 09-11-2002 | 19:10:24 | | 16435 | d0afc770
File Copy: C:\Arquivos de Programas\Borland\Delphi7\Rx\Units\Memtable.pas | 10-12-1999 | 01:27:50 | | 14974 | 83741561
File Copy: C:\Arquivos de Programas\Borland\Delphi7\Rx\Units\MINMAXED.dcu | 09-11-2002 | 19:15:48 | | 9680 | 911454d1
File Copy: C:\Arquivos de Programas\Borland\Delphi7\Rx\Units\Minmaxed.dfm | 10-12-1999 | 01:27:50 | | 3801 | 5075074f
File Copy: C:\Arquivos de Programas\Borland\Delphi7\Rx\Units\Minmaxed.pas | 06-23-2001 | 23:52:16 | | 6296 | 28c80c0b
File Copy: C:\Arquivos de Programas\Borland\Delphi7\Rx\Units\MrgMngr.dcu | 09-11-2002 | 19:09:50 | | 8528 | d6636210
File Copy: C:\Arquivos de Programas\Borland\Delphi7\Rx\Units\MrgMngr.pas | 10-12-1999 | 01:27:50 | | 10354 | 70ecfc33
File Copy: C:\Arquivos de Programas\Borland\Delphi7\Rx\Units\MRULIST.dcu | 09-11-2002 | 19:09:50 | | 15358 | 1c8f576e
File Copy: C:\Arquivos de Programas\Borland\Delphi7\Rx\Units\Mrulist.pas | 10-12-1999 | 01:27:50 | | 16191 | 17e22c9d
File Copy: C:\Arquivos de Programas\Borland\Delphi7\Rx\Units\OBJSTR.dcu | 09-11-2002 | 19:09:50 | | 6949 | df4c5d59
File Copy: C:\Arquivos de Programas\Borland\Delphi7\Rx\Units\Objstr.pas | 06-24-2001 | 00:29:38 | | 10673 | 55d7ad77
File Copy: C:\Arquivos de Programas\Borland\Delphi7\Rx\Units\OLE2AUTO.dcu | 09-11-2002 | 19:09:50 | | 12728 | 3f7c4f1a
File Copy: C:\Arquivos de Programas\Borland\Delphi7\Rx\Units\Ole2auto.pas | 10-12-1999 | 01:27:50 | | 33286 | 1bd0a5dd
File Copy: C:\Arquivos de Programas\Borland\Delphi7\Rx\Units\PAGEMNGR.dcu | 09-11-2002 | 19:09:50 | | 18403 | f52edb7b
File Copy: C:\Arquivos de Programas\Borland\Delphi7\Rx\Units\Pagemngr.pas | 10-12-1999 | 01:27:50 | | 24077 | ad7d0666
File Copy: C:\Arquivos de Programas\Borland\Delphi7\Rx\Units\PARSING.dcu | 09-11-2002 | 19:09:50 | | 9986 | 160dc1fb
File Copy: C:\Arquivos de Programas\Borland\Delphi7\Rx\Units\Parsing.pas | 10-12-1999 | 01:27:50 | | 13536 | 46000704
File Copy: C:\Arquivos de Programas\Borland\Delphi7\Rx\Units\PGMNGRED.dcu | 09-11-2002 | 19:15:48 | | 16348 | 6327853e
File Copy: C:\Arquivos de Programas\Borland\Delphi7\Rx\Units\Pgmngred.dfm | 10-12-1999 | 01:27:50 | | 1812 | ad8d01e1
File Copy: C:\Arquivos de Programas\Borland\Delphi7\Rx\Units\Pgmngred.pas | 06-24-2001 | 13:20:06 | | 11846 | 751cc217
File Copy: C:\Arquivos de Programas\Borland\Delphi7\Rx\Units\Picclip.dcu | 09-11-2002 | 19:09:50 | | 8120 | 2f17053c
File Copy: C:\Arquivos de Programas\Borland\Delphi7\Rx\Units\Picclip.pas | 06-24-2001 | 00:31:22 | | 8485 | 463878f
File Copy: C:\Arquivos de Programas\Borland\Delphi7\Rx\Units\PICKDATE.dcu | 09-11-2002 | 19:09:50 | | 31646 | 724605e2
File Copy: C:\Arquivos de Programas\Borland\Delphi7\Rx\Units\Pickdate.pas | 06-24-2001 | 00:27:38 | | 32363 | b71ea854
File Copy: C:\Arquivos de Programas\Borland\Delphi7\Rx\Units\Pickdate.r32 | 10-12-1999 | 01:27:50 | | 480 | 1e0597c
File Copy: C:\Arquivos de Programas\Borland\Delphi7\Rx\Units\PICTEDIT.dcu | 09-11-2002 | 19:15:48 | | 23745 | 53fa392
File Copy: C:\Arquivos de Programas\Borland\Delphi7\Rx\Units\Pictedit.dfm | 10-12-1999 | 01:27:50 | | 2404 | bf961225
File Copy: C:\Arquivos de Programas\Borland\Delphi7\Rx\Units\Pictedit.pas | 06-24-2001 | 01:20:32 | | 21184 | 7050c4c5
File Copy: C:\Arquivos de Programas\Borland\Delphi7\Rx\Units\Placemnt.dcu | 09-11-2002 | 19:09:50 | | 28663 | 17b8f599
File Copy: C:\Arquivos de Programas\Borland\Delphi7\Rx\Units\Placemnt.pas | 06-24-2001 | 00:24:54 | | 34850 | fa922dd6
File Copy: C:\Arquivos de Programas\Borland\Delphi7\Rx\Units\PRESRDSN.dcu | 09-11-2002 | 19:15:48 | | 15441 | 89ecf6e3
File Copy: C:\Arquivos de Programas\Borland\Delphi7\Rx\Units\Presrdsn.dfm | 10-12-1999 | 01:27:50 | | 3757 | 5e63584b
File Copy: C:\Arquivos de Programas\Borland\Delphi7\Rx\Units\Presrdsn.pas | 06-23-2001 | 23:52:16 | | 13547 | 6db4c163
File Copy: C:\Arquivos de Programas\Borland\Delphi7\Rx\Units\Qbnddlg.dcu | 09-11-2002 | 19:16:54 | | 10237 | 4de2d00
File Copy: C:\Arquivos de Programas\Borland\Delphi7\Rx\Units\Qbnddlg.dfm | 10-12-1999 | 01:27:50 | | 1480 | a9f442db
File Copy: C:\Arquivos de Programas\Borland\Delphi7\Rx\Units\Qbnddlg.pas | 10-12-1999 | 01:27:50 | | 7685 | 162c1235
File Copy: C:\Arquivos de Programas\Borland\Delphi7\Rx\Units\Rx.inc | 06-23-2001 | 23:30:54 | | 4115 | d0dddde0
File Copy: C:\Arquivos de Programas\Borland\Delphi7\Rx\Units\rxbde6.cfg | 06-24-2001 | 00:38:28 | | 282 | 4f12bbd1
File Copy: C:\Arquivos de Programas\Borland\Delphi7\Rx\Units\rxbde6.dcu | 09-11-2002 | 19:16:54 | | 5907 | b375327c
File Copy: C:\Arquivos de Programas\Borland\Delphi7\Rx\Units\rxbde6.res | 10-12-1999 | 01:27:50 | | 876 | 5d70f2a3
File Copy: C:\Arquivos de Programas\Borland\Delphi7\Rx\Units\rxbde7.cfg | 09-12-2002 | 11:33:40 | | 450 | 8ed04e59
File Copy: C:\Arquivos de Programas\Borland\Delphi7\Rx\Units\rxbde7.dcu | 09-12-2002 | 11:34:42 | | 5907 | a427bf0b
File Copy: C:\Arquivos de Programas\Borland\Delphi7\Rx\Units\rxbde7.dof | 09-12-2002 | 11:33:40 | | 2050 | fc883ba0
File Copy: C:\Arquivos de Programas\Borland\Delphi7\Rx\Units\rxbde7.dpk | 09-12-2002 | 11:32:14 | | 1386 | 3fa0015b
File Copy: C:\Arquivos de Programas\Borland\Delphi7\Rx\Units\rxbde7.res | 09-12-2002 | 11:33:34 | | 876 | b2f6a94d
File Copy: C:\Arquivos de Programas\Borland\Delphi7\Rx\Units\rxbdereg.d32 | 10-12-1999 | 01:27:50 | | 5372 | 72cc6abe
File Copy: C:\Arquivos de Programas\Borland\Delphi7\Rx\Units\RxBDEReg.dcu | 09-11-2002 | 19:16:54 | | 7936 | fcee13e2
File Copy: C:\Arquivos de Programas\Borland\Delphi7\Rx\Units\RxBDEReg.pas | 06-24-2001 | 13:42:02 | | 9473 | 121be4ab
File Copy: C:\Arquivos de Programas\Borland\Delphi7\Rx\Units\Rxbuild.dpr | 10-12-1999 | 01:27:50 | | 787 | c2f574d6
File Copy: C:\Arquivos de Programas\Borland\Delphi7\Rx\Units\RXCALC.dcu | 09-11-2002 | 19:09:50 | | 30537 | 54e6024f
File Copy: C:\Arquivos de Programas\Borland\Delphi7\Rx\Units\Rxcalc.pas | 06-24-2001 | 00:28:28 | | 30925 | c5ea6a59
File Copy: C:\Arquivos de Programas\Borland\Delphi7\Rx\Units\Rxcalc.r32 | 10-12-1999 | 01:27:50 | | 756 | 1259278a
File Copy: C:\Arquivos de Programas\Borland\Delphi7\Rx\Units\RXCCONST.dcu | 09-11-2002 | 19:09:48 | | 598 | 147ba2a2
File Copy: C:\Arquivos de Programas\Borland\Delphi7\Rx\Units\Rxcconst.pas | 10-12-1999 | 01:27:50 | | 1346 | 2f08b6b0
File Copy: C:\Arquivos de Programas\Borland\Delphi7\Rx\Units\Rxcconst.r32 | 10-12-1999 | 01:27:50 | | 612 | 3e6f2a45
File Copy: C:\Arquivos de Programas\Borland\Delphi7\Rx\Units\RXCLOCK.dcu | 09-11-2002 | 19:09:50 | | 24792 | 2d488c3f
File Copy: C:\Arquivos de Programas\Borland\Delphi7\Rx\Units\Rxclock.pas | 06-24-2001 | 00:28:56 | | 28991 | 52fa5cb8
File Copy: C:\Arquivos de Programas\Borland\Delphi7\Rx\Units\RXCOLORS.dcu | 09-11-2002 | 19:15:48 | | 3396 | b4d7220b
File Copy: C:\Arquivos de Programas\Borland\Delphi7\Rx\Units\Rxcolors.pas | 06-23-2001 | 23:52:16 | | 3078 | 79480c2d
File Copy: C:\Arquivos de Programas\Borland\Delphi7\Rx\Units\RxCombos.dcu | 09-11-2002 | 19:09:50 | | 25312 | 6ef5702f
File Copy: C:\Arquivos de Programas\Borland\Delphi7\Rx\Units\RxCombos.pas | 10-12-1999 | 01:27:50 | | 21994 | 91f58118
File Copy: C:\Arquivos de Programas\Borland\Delphi7\Rx\Units\Rxcombos.r32 | 10-12-1999 | 01:27:50 | | 636 | 208fce1e
File Copy: C:\Arquivos de Programas\Borland\Delphi7\Rx\Units\Rxconst.~pas | 06-24-2001 | 00:41:40 | | 2094 | 7ff4867e
File Copy: C:\Arquivos de Programas\Borland\Delphi7\Rx\Units\RXCONST.dcu | 09-11-2002 | 19:15:46 | | 979 | e24de78c
File Copy: C:\Arquivos de Programas\Borland\Delphi7\Rx\Units\Rxconst.pas | 09-11-2002 | 19:15:32 | | 2175 | cf24578c
File Copy: C:\Arquivos de Programas\Borland\Delphi7\Rx\Units\Rxconst.r32 | 10-12-1999 | 01:27:50 | | 856 | 36394d01
File Copy: C:\Arquivos de Programas\Borland\Delphi7\Rx\Units\rxctl6.cfg | 06-24-2001 | 00:30:34 | | 282 | fdb094e1
File Copy: C:\Arquivos de Programas\Borland\Delphi7\Rx\Units\rxctl6.dcu | 09-11-2002 | 19:16:52 | | 7978 | 1c0cb78a
File Copy: C:\Arquivos de Programas\Borland\Delphi7\Rx\Units\rxctl6.res | 10-12-1999 | 01:27:50 | | 876 | 5d70f2a3
File Copy: C:\Arquivos de Programas\Borland\Delphi7\Rx\Units\rxctl7.cfg | 09-12-2002 | 11:33:44 | | 450 | ad4219bf
File Copy: C:\Arquivos de Programas\Borland\Delphi7\Rx\Units\rxctl7.dcu | 09-12-2002 | 11:34:40 | | 7978 | 657a4d67
File Copy: C:\Arquivos de Programas\Borland\Delphi7\Rx\Units\rxctl7.dof | 09-12-2002 | 11:33:44 | | 2053 | 6073d3ee
File Copy: C:\Arquivos de Programas\Borland\Delphi7\Rx\Units\rxctl7.dpk | 09-12-2002 | 11:32:24 | | 2887 | 9392aea1
File Copy: C:\Arquivos de Programas\Borland\Delphi7\Rx\Units\rxctl7.res | 09-12-2002 | 11:33:38 | | 876 | b2f6a94d
File Copy: C:\Arquivos de Programas\Borland\Delphi7\Rx\Units\Rxctlreg.d32 | 10-12-1999 | 01:27:50 | | 10280 | f0a3090f
File Copy: C:\Arquivos de Programas\Borland\Delphi7\Rx\Units\RXCTLREG.dcu | 09-11-2002 | 19:15:50 | | 16796 | 7807f253
File Copy: C:\Arquivos de Programas\Borland\Delphi7\Rx\Units\Rxctlreg.pas | 06-24-2001 | 12:41:20 | | 16030 | 8ec51c64
File Copy: C:\Arquivos de Programas\Borland\Delphi7\Rx\Units\RxCtrls.dcu | 09-11-2002 | 19:09:50 | | 115537 | 575f7114
File Copy: C:\Arquivos de Programas\Borland\Delphi7\Rx\Units\RxCtrls.pas | 06-24-2001 | 00:26:36 | | 150487 | ee27bbe1
File Copy: C:\Arquivos de Programas\Borland\Delphi7\Rx\Units\Rxctrls.r32 | 10-12-1999 | 01:27:50 | | 2064 | 13c7e9fd
File Copy: C:\Arquivos de Programas\Borland\Delphi7\Rx\Units\rxdb6.cfg | 06-24-2001 | 00:36:56 | | 282 | 4f12bbd1
File Copy: C:\Arquivos de Programas\Borland\Delphi7\Rx\Units\rxdb6.dcu | 09-11-2002 | 19:16:54 | | 5916 | 4ac7805e
File Copy: C:\Arquivos de Programas\Borland\Delphi7\Rx\Units\rxdb6.res | 10-12-1999 | 01:27:50 | | 876 | 5d70f2a3
File Copy: C:\Arquivos de Programas\Borland\Delphi7\Rx\Units\rxdb7.cfg | 09-12-2002 | 11:33:48 | | 450 | 8ed04e59
File Copy: C:\Arquivos de Programas\Borland\Delphi7\Rx\Units\RxDb7.dcu | 09-12-2002 | 11:34:42 | | 5916 | a374ec81
File Copy: C:\Arquivos de Programas\Borland\Delphi7\Rx\Units\rxdb7.dof | 09-12-2002 | 11:33:48 | | 2046 | ba18d8d6
File Copy: C:\Arquivos de Programas\Borland\Delphi7\Rx\Units\rxdb7.dpk | 09-12-2002 | 11:32:36 | | 1236 | be101d2b
File Copy: C:\Arquivos de Programas\Borland\Delphi7\Rx\Units\rxdb7.res | 09-12-2002 | 11:33:42 | | 876 | b2f6a94d
File Copy: C:\Arquivos de Programas\Borland\Delphi7\Rx\Units\RXDBCOMB.dcu | 09-11-2002 | 19:10:12 | | 19971 | b76f4e89
File Copy: C:\Arquivos de Programas\Borland\Delphi7\Rx\Units\Rxdbcomb.pas | 06-24-2001 | 00:36:26 | | 17002 | a80ef684
File Copy: C:\Arquivos de Programas\Borland\Delphi7\Rx\Units\Rxdbctrl.dcu | 09-11-2002 | 19:10:12 | | 95114 | a423ef1e
File Copy: C:\Arquivos de Programas\Borland\Delphi7\Rx\Units\Rxdbctrl.pas | 06-24-2001 | 00:33:38 | | 108810 | 3a6c7e96
File Copy: C:\Arquivos de Programas\Borland\Delphi7\Rx\Units\Rxdbctrl.r32 | 10-12-1999 | 01:27:50 | | 3840 | 62835c33
File Copy: C:\Arquivos de Programas\Borland\Delphi7\Rx\Units\rxdbreg.d32 | 10-12-1999 | 01:27:50 | | 5420 | f5ee0245
File Copy: C:\Arquivos de Programas\Borland\Delphi7\Rx\Units\RxDBReg.dcu | 09-11-2002 | 19:16:40 | | 5270 | 3b5ecbe8
File Copy: C:\Arquivos de Programas\Borland\Delphi7\Rx\Units\RxDBReg.pas | 06-23-2001 | 23:52:16 | | 4319 | e044b57d
File Copy: C:\Arquivos de Programas\Borland\Delphi7\Rx\Units\RXDCONST.dcu | 09-11-2002 | 19:10:12 | | 1566 | 84de9c8
File Copy: C:\Arquivos de Programas\Borland\Delphi7\Rx\Units\Rxdconst.pas | 10-12-1999 | 01:27:50 | | 3200 | abf163f1
File Copy: C:\Arquivos de Programas\Borland\Delphi7\Rx\Units\Rxdconst.r32 | 10-12-1999 | 01:27:50 | | 2404 | 2703e1db
File Copy: C:\Arquivos de Programas\Borland\Delphi7\Rx\Units\RXDICE.dcu | 09-11-2002 | 19:09:50 | | 11880 | 1b0caae7
File Copy: C:\Arquivos de Programas\Borland\Delphi7\Rx\Units\Rxdice.pas | 10-12-1999 | 01:27:50 | | 9133 | f343aadf
File Copy: C:\Arquivos de Programas\Borland\Delphi7\Rx\Units\Rxdice.r32 | 10-12-1999 | 01:27:50 | | 13184 | fa9ca6af
File Copy: C:\Arquivos de Programas\Borland\Delphi7\Rx\Units\RXDIRFRM.dcu | 09-11-2002 | 19:15:48 | | 6322 | 27691f44
File Copy: C:\Arquivos de Programas\Borland\Delphi7\Rx\Units\Rxdirfrm.dfm | 10-12-1999 | 01:27:50 | | 1153 | e8af3a24
File Copy: C:\Arquivos de Programas\Borland\Delphi7\Rx\Units\Rxdirfrm.pas | 10-12-1999 | 01:27:50 | | 3864 | 779e04fd
File Copy: C:\Arquivos de Programas\Borland\Delphi7\Rx\Units\rxdsgn.dcu | 09-11-2002 | 19:15:48 | | 6421 | 809adf11
File Copy: C:\Arquivos de Programas\Borland\Delphi7\Rx\Units\rxdsgn.pas | 06-24-2001 | 00:52:42 | | 4100 | 62233479
File Copy: C:\Arquivos de Programas\Borland\Delphi7\Rx\Units\RXGCONST.dcu | 09-11-2002 | 19:09:50 | | 575 | 503c266b
File Copy: C:\Arquivos de Programas\Borland\Delphi7\Rx\Units\Rxgconst.pas | 10-12-1999 | 01:27:50 | | 1198 | 6fc62ac5
File Copy: C:\Arquivos de Programas\Borland\Delphi7\Rx\Units\Rxgconst.r32 | 10-12-1999 | 01:27:50 | | 612 | ca316abc
File Copy: C:\Arquivos de Programas\Borland\Delphi7\Rx\Units\Rxgif.dcu | 09-11-2002 | 19:09:50 | | 44033 | 77eaec31
File Copy: C:\Arquivos de Programas\Borland\Delphi7\Rx\Units\Rxgif.pas | 06-24-2001 | 00:31:02 | | 83267 | 864c9f8
File Copy: C:\Arquivos de Programas\Borland\Delphi7\Rx\Units\RxGraph.dcu | 09-11-2002 | 19:09:50 | | 19043 | 5caddeb2
File Copy: C:\Arquivos de Programas\Borland\Delphi7\Rx\Units\RxGraph.pas | 10-12-1999 | 01:27:50 | | 43996 | e5022de1
File Copy: C:\Arquivos de Programas\Borland\Delphi7\Rx\Units\Rxgrdcpt.dcu | 09-11-2002 | 19:09:50 | | 23247 | 3282bbb6
File Copy: C:\Arquivos de Programas\Borland\Delphi7\Rx\Units\Rxgrdcpt.pas | 10-12-1999 | 01:27:50 | | 31172 | e5c67832
File Copy: C:\Arquivos de Programas\Borland\Delphi7\Rx\Units\rxgrids.dcu | 09-11-2002 | 19:09:50 | | 33567 | c956dc80
File Copy: C:\Arquivos de Programas\Borland\Delphi7\Rx\Units\rxgrids.pas | 10-12-1999 | 01:27:50 | | 37510 | 5da9e655
File Copy: C:\Arquivos de Programas\Borland\Delphi7\Rx\Units\RXHINTS.dcu | 09-11-2002 | 19:09:50 | | 12693 | 951a572b
File Copy: C:\Arquivos de Programas\Borland\Delphi7\Rx\Units\Rxhints.pas | 10-12-1999 | 01:27:50 | | 15841 | 920c4307
File Copy: C:\Arquivos de Programas\Borland\Delphi7\Rx\Units\RXHOOK.dcu | 09-11-2002 | 19:09:50 | | 12401 | aa72b7ab
File Copy: C:\Arquivos de Programas\Borland\Delphi7\Rx\Units\Rxhook.pas | 10-12-1999 | 01:27:50 | | 13989 | 9c323ed2
File Copy: C:\Arquivos de Programas\Borland\Delphi7\Rx\Units\RXINI.dcu | 09-11-2002 | 19:09:50 | | 12510 | 3caf56
File Copy: C:\Arquivos de Programas\Borland\Delphi7\Rx\Units\Rxini.pas | 06-24-2001 | 00:13:22 | | 11807 | 3ab8e57a
File Copy: C:\Arquivos de Programas\Borland\Delphi7\Rx\Units\RXLCONST.dcu | 09-11-2002 | 19:10:36 | | 961 | 9101d4af
File Copy: C:\Arquivos de Programas\Borland\Delphi7\Rx\Units\Rxlconst.pas | 10-12-1999 | 01:27:50 | | 2217 | cffc6529
File Copy: C:\Arquivos de Programas\Borland\Delphi7\Rx\Units\Rxlconst.r32 | 10-12-1999 | 01:27:50 | | 1004 | b6111f37
File Copy: C:\Arquivos de Programas\Borland\Delphi7\Rx\Units\rxlogin.dcu | 09-11-2002 | 19:10:12 | | 18591 | c0e235a
File Copy: C:\Arquivos de Programas\Borland\Delphi7\Rx\Units\rxlogin.dfm | 10-12-1999 | 01:27:50 | | 2154 | 6efdfd92
File Copy: C:\Arquivos de Programas\Borland\Delphi7\Rx\Units\rxlogin.pas | 10-12-1999 | 01:27:50 | | 16762 | e3a384ce
File Copy: C:\Arquivos de Programas\Borland\Delphi7\Rx\Units\RxLookup.dcu | 09-11-2002 | 19:10:12 | | 79054 | 406caee5
File Copy: C:\Arquivos de Programas\Borland\Delphi7\Rx\Units\RxLookup.pas | 06-24-2001 | 00:35:40 | | 93147 | 6cc59972
File Copy: C:\Arquivos de Programas\Borland\Delphi7\Rx\Units\RxMemDS.dcu | 09-11-2002 | 19:10:12 | | 34143 | 9dc3bf9c
File Copy: C:\Arquivos de Programas\Borland\Delphi7\Rx\Units\RxMemDS.pas | 06-24-2001 | 00:36:40 | | 43719 | 25af2c0a
File Copy: C:\Arquivos de Programas\Borland\Delphi7\Rx\Units\Rxmenus.dcu | 09-11-2002 | 19:09:50 | | 32366 | 8487328d
File Copy: C:\Arquivos de Programas\Borland\Delphi7\Rx\Units\Rxmenus.pas | 06-24-2001 | 00:13:24 | | 59684 | aa969fc7
File Copy: C:\Arquivos de Programas\Borland\Delphi7\Rx\Units\RxNotify.dcu | 09-11-2002 | 19:09:50 | | 8370 | 1f0ee950
File Copy: C:\Arquivos de Programas\Borland\Delphi7\Rx\Units\RxNotify.pas | 10-12-1999 | 01:27:50 | | 9878 | 1d54fe19
File Copy: C:\Arquivos de Programas\Borland\Delphi7\Rx\Units\RXPRGRSS.dcu | 09-11-2002 | 19:09:50 | | 4357 | acf00208
File Copy: C:\Arquivos de Programas\Borland\Delphi7\Rx\Units\Rxprgrss.pas | 10-12-1999 | 01:27:50 | | 5524 | 8886fa22
File Copy: C:\Arquivos de Programas\Borland\Delphi7\Rx\Units\RXPROPS.dcu | 09-11-2002 | 19:09:50 | | 21758 | c40fa521
File Copy: C:\Arquivos de Programas\Borland\Delphi7\Rx\Units\Rxprops.pas | 06-24-2001 | 00:13:24 | | 27975 | c3b0449e
File Copy: C:\Arquivos de Programas\Borland\Delphi7\Rx\Units\Rxquery.dcu | 09-11-2002 | 19:10:24 | | 26746 | c3c95f4b
File Copy: C:\Arquivos de Programas\Borland\Delphi7\Rx\Units\Rxquery.pas | 06-24-2001 | 00:39:24 | | 27650 | ffa3bc11
File Copy: C:\Arquivos de Programas\Borland\Delphi7\Rx\Units\rxremlog.dcu | 09-11-2002 | 19:10:24 | | 303 | 6f384dd
File Copy: C:\Arquivos de Programas\Borland\Delphi7\Rx\Units\rxremlog.pas | 10-12-1999 | 01:27:50 | | 8277 | 20000768
File Copy: C:\Arquivos de Programas\Borland\Delphi7\Rx\Units\Rxresexp.dcu | 09-11-2002 | 19:15:50 | | 51088 | 60141843
File Copy: C:\Arquivos de Programas\Borland\Delphi7\Rx\Units\Rxresexp.dfm | 10-12-1999 | 01:27:50 | | 2039 | 6127329
File Copy: C:\Arquivos de Programas\Borland\Delphi7\Rx\Units\Rxresexp.inc | 10-12-1999 | 01:27:50 | | 1157 | f698eab6
File Copy: C:\Arquivos de Programas\Borland\Delphi7\Rx\Units\Rxresexp.pas | 06-24-2001 | 01:18:04 | | 67161 | 2e1a220b
File Copy: C:\Arquivos de Programas\Borland\Delphi7\Rx\Units\Rxresexp.r32 | 10-12-1999 | 01:27:50 | | 2108 | eb30b939
File Copy: C:\Arquivos de Programas\Borland\Delphi7\Rx\Units\RxRichEd.dcu | 09-11-2002 | 19:09:50 | | 101803 | b9722240
File Copy: C:\Arquivos de Programas\Borland\Delphi7\Rx\Units\RxRichEd.pas | 10-12-1999 | 01:27:50 | | 158944 | 4faff1ae
File Copy: C:\Arquivos de Programas\Borland\Delphi7\Rx\Units\RXSHELL.dcu | 09-11-2002 | 19:09:50 | | 13934 | d23312bc
File Copy: C:\Arquivos de Programas\Borland\Delphi7\Rx\Units\Rxshell.pas | 10-12-1999 | 01:27:50 | | 21726 | c2efc147
File Copy: C:\Arquivos de Programas\Borland\Delphi7\Rx\Units\Rxslider.dcu | 09-11-2002 | 19:09:50 | | 31398 | 5caca7b0
File Copy: C:\Arquivos de Programas\Borland\Delphi7\Rx\Units\Rxslider.pas | 10-12-1999 | 01:27:50 | | 35936 | 14254fd7
File Copy: C:\Arquivos de Programas\Borland\Delphi7\Rx\Units\Rxslider.r32 | 10-12-1999 | 01:27:50 | | 2024 | f6946eef
File Copy: C:\Arquivos de Programas\Borland\Delphi7\Rx\Units\RXSpin.dcu | 09-11-2002 | 19:09:50 | | 31844 | 858c13ce
File Copy: C:\Arquivos de Programas\Borland\Delphi7\Rx\Units\RXSpin.pas | 10-12-1999 | 01:27:50 | | 31242 | ba30587f
File Copy: C:\Arquivos de Programas\Borland\Delphi7\Rx\Units\Rxspin.r32 | 10-12-1999 | 01:27:50 | | 276 | 1cd298de
File Copy: C:\Arquivos de Programas\Borland\Delphi7\Rx\Units\RXSPLIT.dcu | 09-11-2002 | 19:09:50 | | 16249 | ea87cda9
File Copy: C:\Arquivos de Programas\Borland\Delphi7\Rx\Units\Rxsplit.pas | 10-12-1999 | 01:27:50 | | 17309 | 631ccb2f
File Copy: C:\Arquivos de Programas\Borland\Delphi7\Rx\Units\rxStrUtils.dcu | 09-11-2002 | 19:09:50 | | 12451 | eae7f494
File Copy: C:\Arquivos de Programas\Borland\Delphi7\Rx\Units\rxStrUtils.pas | 06-24-2001 | 00:13:56 | | 28582 | d6a7b2ac
File Copy: C:\Arquivos de Programas\Borland\Delphi7\Rx\Units\RXSWITCH.dcu | 09-11-2002 | 19:09:50 | | 14745 | cf13d5e9
File Copy: C:\Arquivos de Programas\Borland\Delphi7\Rx\Units\Rxswitch.pas | 10-12-1999 | 01:27:50 | | 12511 | 4608c17e
File Copy: C:\Arquivos de Programas\Borland\Delphi7\Rx\Units\Rxswitch.r32 | 10-12-1999 | 01:27:50 | | 1876 | 94f10c50
File Copy: C:\Arquivos de Programas\Borland\Delphi7\Rx\Units\RXTCONST.dcu | 09-11-2002 | 19:09:50 | | 755 | 1e3168d2
File Copy: C:\Arquivos de Programas\Borland\Delphi7\Rx\Units\Rxtconst.pas | 10-12-1999 | 01:27:50 | | 1583 | 8b6ea5b7
File Copy: C:\Arquivos de Programas\Borland\Delphi7\Rx\Units\Rxtconst.r32 | 10-12-1999 | 01:27:50 | | 956 | d2f16a4b
File Copy: C:\Arquivos de Programas\Borland\Delphi7\Rx\Units\RxTimer.dcu | 09-11-2002 | 19:09:50 | | 5977 | d06928f
File Copy: C:\Arquivos de Programas\Borland\Delphi7\Rx\Units\RxTimer.pas | 10-12-1999 | 01:27:50 | | 7114 | a51de891
File Copy: C:\Arquivos de Programas\Borland\Delphi7\Rx\Units\Rxtooreg.d32 | 10-12-1999 | 01:27:50 | | 9436 | f15de2a0
File Copy: C:\Arquivos de Programas\Borland\Delphi7\Rx\Units\RXTOOREG.dcu | 09-11-2002 | 19:15:50 | | 8946 | b556a838
File Copy: C:\Arquivos de Programas\Borland\Delphi7\Rx\Units\Rxtooreg.pas | 06-24-2001 | 01:32:36 | | 6608 | 1a948803
File Copy: C:\Arquivos de Programas\Borland\Delphi7\Rx\Units\RXVERINF.dcu | 09-11-2002 | 19:09:50 | | 11080 | 46c0eade
File Copy: C:\Arquivos de Programas\Borland\Delphi7\Rx\Units\Rxverinf.pas | 10-12-1999 | 01:27:50 | | 12207 | c85f92f6
File Copy: C:\Arquivos de Programas\Borland\Delphi7\Rx\Units\SBEDIT.dcu | 09-11-2002 | 19:15:48 | | 27197 | 102a0183
File Copy: C:\Arquivos de Programas\Borland\Delphi7\Rx\Units\Sbedit.dfm | 10-12-1999 | 01:27:50 | | 4446 | 8d4a43f5
File Copy: C:\Arquivos de Programas\Borland\Delphi7\Rx\Units\Sbedit.pas | 06-24-2001 | 13:18:06 | | 28170 | 5b2be310
File Copy: C:\Arquivos de Programas\Borland\Delphi7\Rx\Units\SBSETUP.dcu | 09-11-2002 | 19:09:50 | | 13063 | d8d029f6
File Copy: C:\Arquivos de Programas\Borland\Delphi7\Rx\Units\Sbsetup.dfm | 10-12-1999 | 01:27:50 | | 2531 | 271454f8
File Copy: C:\Arquivos de Programas\Borland\Delphi7\Rx\Units\Sbsetup.pas | 10-12-1999 | 01:27:50 | | 11253 | 763a44c7
File Copy: C:\Arquivos de Programas\Borland\Delphi7\Rx\Units\SelDSFrm.dcu | 09-11-2002 | 19:16:38 | | 9086 | 853c866d
File Copy: C:\Arquivos de Programas\Borland\Delphi7\Rx\Units\seldsfrm.dfm | 10-12-1999 | 01:27:50 | | 790 | fe0692b
File Copy: C:\Arquivos de Programas\Borland\Delphi7\Rx\Units\SelDSFrm.pas | 06-24-2001 | 13:35:20 | | 6374 | 498c60cf
File Copy: C:\Arquivos de Programas\Borland\Delphi7\Rx\Units\SPEEDBAR.dcu | 09-11-2002 | 19:09:50 | | 69711 | fcee7b5b
File Copy: C:\Arquivos de Programas\Borland\Delphi7\Rx\Units\Speedbar.pas | 06-24-2001 | 00:31:50 | | 88398 | 260ba3af
File Copy: C:\Arquivos de Programas\Borland\Delphi7\Rx\Units\SPLSHWND.dcu | 09-11-2002 | 19:09:50 | | 7432 | f3d77212
File Copy: C:\Arquivos de Programas\Borland\Delphi7\Rx\Units\Splshwnd.pas | 10-12-1999 | 01:27:50 | | 5455 | c6199e2d
File Copy: C:\Arquivos de Programas\Borland\Delphi7\Rx\Units\Str16.pas | 10-12-1999 | 01:27:50 | | 2408 | 83b037b7
File Copy: C:\Arquivos de Programas\Borland\Delphi7\Rx\Units\StrHlder.dcu | 09-11-2002 | 19:09:50 | | 17500 | 5b7fa3ff
File Copy: C:\Arquivos de Programas\Borland\Delphi7\Rx\Units\StrHlder.pas | 06-24-2001 | 00:32:08 | | 20002 | d964cd1e
File Copy: C:\Arquivos de Programas\Borland\Delphi7\Projects\Bpl\RxDB7.dcp | 09-12-2002 | 11:34:22 | | 241368 | 7660fe9d
File Copy: C:\Arquivos de Programas\Borland\Delphi7\Projects\Bpl\dclrx7.bpl | 09-12-2002 | 11:34:30 | | 252928 | 77d85f3
File Copy: C:\Arquivos de Programas\Borland\Delphi7\Projects\Bpl\DclRx7.dcp | 09-12-2002 | 11:34:30 | | 223109 | f9140400
File Copy: C:\Arquivos de Programas\Borland\Delphi7\Projects\Bpl\dclrxbd7.bpl | 09-12-2002 | 11:34:42 | | 50176 | 2997b1f5
File Copy: C:\Arquivos de Programas\Borland\Delphi7\Projects\Bpl\DclRxBd7.dcp | 09-12-2002 | 11:34:42 | | 18335 | 2a375bf2
File Copy: C:\Arquivos de Programas\Borland\Delphi7\Projects\Bpl\DclRxDb7.bpl | 09-12-2002 | 11:34:42 | | 45568 | a5f3e3a8
File Copy: C:\Arquivos de Programas\Borland\Delphi7\Projects\Bpl\DclRxDb7.dcp | 09-12-2002 | 11:34:42 | | 17730 | 5ffd918
File Copy: C:\Arquivos de Programas\Borland\Delphi7\Projects\Bpl\rxbde7.bpl | 09-12-2002 | 11:34:18 | | 172032 | 7cb7ff35
File Copy: C:\Arquivos de Programas\Borland\Delphi7\Projects\Bpl\RxBDE7.dcp | 09-12-2002 | 11:34:18 | | 159130 | 6c0b7433
File Copy: C:\Arquivos de Programas\Borland\Delphi7\Projects\Bpl\rxctl7.bpl | 09-12-2002 | 11:34:12 | | 838144 | 3bfec22d
File Copy: C:\Arquivos de Programas\Borland\Delphi7\Projects\Bpl\RxCtl7.dcp | 09-12-2002 | 11:34:12 | | 1065319 | ee8198f3
File Copy: C:\Arquivos de Programas\Borland\Delphi7\Projects\Bpl\rxdb7.bpl | 09-12-2002 | 11:34:22 | | 247808 | 993048bf
RegDB Key: Software\Borland\Delphi\7.0\Known Packages
RegDB Val: RX Library Controls and Tools
RegDB Name: c:\arquivos de programas\borland\delphi7\Projects\Bpl\dclrx7.bpl
RegDB Root: 1
RegDB Key: Software\Borland\Delphi\7.0\Known Packages
RegDB Val: RX Library Database Components
RegDB Name: c:\arquivos de programas\borland\delphi7\Projects\Bpl\dclrxbd7.bpl
RegDB Root: 1
RegDB Key: Software\Borland\Delphi\7.0\Known Packages
RegDB Val: RX Library Database Components
RegDB Name: C:\Arquivos de programas\Borland\Delphi7\Projects\Bpl\DclRxDb7.bpl
RegDB Root: 1
